<?xml version="1.0" encoding="UTF-8"?>
<testsuite xmlns:xsi="http://www.w3.org/2001/XMLSchema-instance" xsi:noNamespaceSchemaLocation="https://maven.apache.org/surefire/maven-surefire-plugin/xsd/surefire-test-report.xsd" version="3.0.2" name="com.taskflow.slice.TaskRepositoryTest" time="3.854" tests="11" errors="0" skipped="0" failures="0">
  <properties>
[...]
</properties>
  <testcase name="countByStatus_yTituloContaining" classname="com.taskflow.slice.TaskRepositoryTest" time="0.223">
    <system-out><![CDATA[2026-09-09T12:09:15.262-06:00  INFO 2203 --- [taskflow-api] [           main] t.c.s.AnnotationConfigContextLoaderUtils : Could not detect default configuration classes for test class [com.taskflow.slice.TaskRepositoryTest]: TaskRepositoryTest does not declare any static, non-private, non-final, nested classes annotated with @Configuration.
2026-09-09T12:09:15.528-06:00  INFO 2203 --- [taskflow-api] [           main] .b.t.c.SpringBootTestContextBootstrapper : Found @SpringBootConfiguration com.taskflow.TaskflowApiApplication for test class com.taskflow.slice.TaskRepositoryTest
2026-09-09T12:09:15.769-06:00  INFO 2203 --- [taskflow-api] [           main] com.taskflow.slice.TaskRepositoryTest    : Starting TaskRepositoryTest using Java 21.0.12 with PID 2203 (started by user in /mnt/c/Users/User/AcademiaExtras/taskflow-api)
2026-09-09T12:09:15.769-06:00  INFO 2203 --- [taskflow-api] [           main] com.taskflow.slice.TaskRepositoryTest    : No active profile set, falling back to 1 default profile: "default"
2026-09-09T12:09:16.823-06:00  INFO 2203 --- [taskflow-api] [           main] .s.d.r.c.RepositoryConfigurationDelegate : Bootstrapping Spring Data JPA repositories in DEFAULT mode.
2026-09-09T12:09:17.187-06:00  INFO 2203 --- [taskflow-api] [           main] .s.d.r.c.RepositoryConfigurationDelegate : Finished Spring Data repository scanning in 358 ms. Found 3 JPA repository interfaces.
2026-09-09T12:09:17.228-06:00  INFO 2203 --- [taskflow-api] [           main] beddedDataSourceBeanFactoryPostProcessor : Replacing 'dataSource' DataSource bean with embedded version
2026-09-09T12:09:17.350-06:00  INFO 2203 --- [taskflow-api] [           main] o.s.j.d.e.EmbeddedDatabaseFactory        : Starting embedded database: url='jdbc:h2:mem:b573e80e-885e-48ab-b4fc-43439c95daf4;DB_CLOSE_DELAY=-1;DB_CLOSE_ON_EXIT=false', username='sa'
2026-09-09T12:09:17.600-06:00  INFO 2203 --- [taskflow-api] [           main] o.hibernate.jpa.internal.util.LogHelper  : HHH000204: Processing PersistenceUnitInfo [name: default]
2026-09-09T12:09:17.665-06:00  INFO 2203 --- [taskflow-api] [           main] o.h.c.internal.RegionFactoryInitiator    : HHH000026: Second-level cache disabled
2026-09-09T12:09:17.811-06:00  INFO 2203 --- [taskflow-api] [           main] o.s.o.j.p.SpringPersistenceUnitInfo      : No LoadTimeWeaver setup: ignoring JPA class transformer
2026-09-09T12:09:17.830-06:00  INFO 2203 --- [taskflow-api] [           main] org.hibernate.orm.connections.pooling    : HHH10001005: Database info:
	Database JDBC URL [Connecting through datasource 'org.springframework.jdbc.datasource.embedded.EmbeddedDatabaseFactory$EmbeddedDataSourceProxy@71cb53b2']
	Database driver: undefined/unknown
	Database version: 2.3.232
	Autocommit mode: undefined/unknown
	Isolation level: undefined/unknown
	Minimum pool size: undefined/unknown
	Maximum pool size: undefined/unknown
2026-09-09T12:09:18.215-06:00  INFO 2203 --- [taskflow-api] [           main] o.h.e.t.j.p.i.JtaPlatformInitiator       : HHH000489: No JTA platform available (set 'hibernate.transaction.jta.platform' to enable JTA platform integration)
Hibernate: create table projects (id bigint generated by default as identity, created_at date, description varchar(255), name varchar(255) not null, owner_id bigint, primary key (id))
Hibernate: create table tasks (id bigint generated by default as identity, assignee_id bigint, description varchar(255), due_date date, priority enum ('HIGH','LOW','MED') not null, project_id bigint not null, status enum ('DONE','IN_PROGRESS','TODO') not null, title varchar(120) not null, primary key (id))
Hibernate: create table users (id bigint generated by default as identity, email varchar(255), password_hash varchar(255), role enum ('ADMIN','USER'), username varchar(255), primary key (id))
Hibernate: alter table if exists users drop constraint if exists UKr43af9ap4edm43mmtq01oddj6
Hibernate: alter table if exists users add constraint UKr43af9ap4edm43mmtq01oddj6 unique (username)
Hibernate: alter table if exists tasks add constraint FKsfhn82y57i3k9uxww1s007acc foreign key (project_id) references projects
2026-09-09T12:09:18.340-06:00  INFO 2203 --- [taskflow-api] [           main] j.LocalContainerEntityManagerFactoryBean : Initialized JPA EntityManagerFactory for persistence unit 'default'
2026-09-09T12:09:18.475-06:00  INFO 2203 --- [taskflow-api] [           main] com.taskflow.slice.TaskRepositoryTest    : Started TaskRepositoryTest in 2.928 seconds (process running for 69.592)
Hibernate: insert into projects (created_at,description,name,owner_id,id) values (?,?,?,?,default)
Hibernate: select p1_0.id,p1_0.created_at,p1_0.description,p1_0.name,p1_0.owner_id from projects p1_0 where p1_0.id=?
Hibernate: insert into tasks (assignee_id,description,due_date,priority,project_id,status,title,id) values (?,?,?,?,?,?,?,default)
Hibernate: select t1_0.id,t1_0.assignee_id,t1_0.description,t1_0.due_date,t1_0.priority,t1_0.project_id,t1_0.status,t1_0.title from tasks t1_0 where t1_0.id=?
Hibernate: insert into tasks (assignee_id,description,due_date,priority,project_id,status,title,id) values (?,?,?,?,?,?,?,default)
Hibernate: select t1_0.id,t1_0.assignee_id,t1_0.description,t1_0.due_date,t1_0.priority,t1_0.project_id,t1_0.status,t1_0.title from tasks t1_0 where t1_0.id=?
Hibernate: insert into tasks (assignee_id,description,due_date,priority,project_id,status,title,id) values (?,?,?,?,?,?,?,default)
Hibernate: select t1_0.id,t1_0.assignee_id,t1_0.description,t1_0.due_date,t1_0.priority,t1_0.project_id,t1_0.status,t1_0.title from tasks t1_0 where t1_0.id=?
Hibernate: select count(t1_0.id) from tasks t1_0 where t1_0.status=?
Hibernate: select t1_0.id,t1_0.assignee_id,t1_0.description,t1_0.due_date,t1_0.priority,t1_0.project_id,t1_0.status,t1_0.title from tasks t1_0 where upper(t1_0.title) like upper(?) escape '\'
]]></system-out>
  </testcase>
  <testcase name="findByStatus_filtraCorrecto" classname="com.taskflow.slice.TaskRepositoryTest" time="0.086">
    <system-out><![CDATA[Hibernate: insert into projects (created_at,description,name,owner_id,id) values (?,?,?,?,default)
Hibernate: select p1_0.id,p1_0.created_at,p1_0.description,p1_0.name,p1_0.owner_id from projects p1_0 where p1_0.id=?
Hibernate: insert into tasks (assignee_id,description,due_date,priority,project_id,status,title,id) values (?,?,?,?,?,?,?,default)
Hibernate: select t1_0.id,t1_0.assignee_id,t1_0.description,t1_0.due_date,t1_0.priority,t1_0.project_id,t1_0.status,t1_0.title from tasks t1_0 where t1_0.id=?
Hibernate: insert into tasks (assignee_id,description,due_date,priority,project_id,status,title,id) values (?,?,?,?,?,?,?,default)
Hibernate: select t1_0.id,t1_0.assignee_id,t1_0.description,t1_0.due_date,t1_0.priority,t1_0.project_id,t1_0.status,t1_0.title from tasks t1_0 where t1_0.id=?
Hibernate: insert into tasks (assignee_id,description,due_date,priority,project_id,status,title,id) values (?,?,?,?,?,?,?,default)
Hibernate: select t1_0.id,t1_0.assignee_id,t1_0.description,t1_0.due_date,t1_0.priority,t1_0.project_id,t1_0.status,t1_0.title from tasks t1_0 where t1_0.id=?
Hibernate: select t1_0.id,t1_0.assignee_id,t1_0.description,t1_0.due_date,t1_0.priority,t1_0.project_id,t1_0.status,t1_0.title from tasks t1_0 where t1_0.status=?
]]></system-out>
  </testcase>
  <testcase name="findByProjectId_soloLasDelProyecto" classname="com.taskflow.slice.TaskRepositoryTest" time="0.041">
    <system-out><![CDATA[Hibernate: insert into projects (created_at,description,name,owner_id,id) values (?,?,?,?,default)
Hibernate: select p1_0.id,p1_0.created_at,p1_0.description,p1_0.name,p1_0.owner_id from projects p1_0 where p1_0.id=?
Hibernate: insert into projects (created_at,description,name,owner_id,id) values (?,?,?,?,default)
Hibernate: select p1_0.id,p1_0.created_at,p1_0.description,p1_0.name,p1_0.owner_id from projects p1_0 where p1_0.id=?
Hibernate: insert into tasks (assignee_id,description,due_date,priority,project_id,status,title,id) values (?,?,?,?,?,?,?,default)
Hibernate: select t1_0.id,t1_0.assignee_id,t1_0.description,t1_0.due_date,t1_0.priority,t1_0.project_id,t1_0.status,t1_0.title from tasks t1_0 where t1_0.id=?
Hibernate: insert into tasks (assignee_id,description,due_date,priority,project_id,status,title,id) values (?,?,?,?,?,?,?,default)
Hibernate: select t1_0.id,t1_0.assignee_id,t1_0.description,t1_0.due_date,t1_0.priority,t1_0.project_id,t1_0.status,t1_0.title from tasks t1_0 where t1_0.id=?
Hibernate: insert into tasks (assignee_id,description,due_date,priority,project_id,status,title,id) values (?,?,?,?,?,?,?,default)
Hibernate: select t1_0.id,t1_0.assignee_id,t1_0.description,t1_0.due_date,t1_0.priority,t1_0.project_id,t1_0.status,t1_0.title from tasks t1_0 where t1_0.id=?
Hibernate: select t1_0.id,t1_0.assignee_id,t1_0.description,t1_0.due_date,t1_0.priority,t1_0.project_id,t1_0.status,t1_0.title from tasks t1_0 where t1_0.project_id=?
]]></system-out>
  </testcase>
  <testcase name="save_asignaId_yNoEsLaSecuenciaDeInMemory" classname="com.taskflow.slice.TaskRepositoryTest" time="0.017">
    <system-out><![CDATA[Hibernate: insert into projects (created_at,description,name,owner_id,id) values (?,?,?,?,default)
Hibernate: select p1_0.id,p1_0.created_at,p1_0.description,p1_0.name,p1_0.owner_id from projects p1_0 where p1_0.id=?
Hibernate: insert into tasks (assignee_id,description,due_date,priority,project_id,status,title,id) values (?,?,?,?,?,?,?,default)
]]></system-out>
  </testcase>
  <testcase name="findByAssigneeIdAndStatus_combinaCriterios" classname="com.taskflow.slice.TaskRepositoryTest" time="0.039">
    <system-out><![CDATA[Hibernate: insert into projects (created_at,description,name,owner_id,id) values (?,?,?,?,default)
Hibernate: select p1_0.id,p1_0.created_at,p1_0.description,p1_0.name,p1_0.owner_id from projects p1_0 where p1_0.id=?
Hibernate: insert into tasks (assignee_id,description,due_date,priority,project_id,status,title,id) values (?,?,?,?,?,?,?,default)
Hibernate: select t1_0.id,t1_0.assignee_id,t1_0.description,t1_0.due_date,t1_0.priority,t1_0.project_id,t1_0.status,t1_0.title from tasks t1_0 where t1_0.id=?
Hibernate: insert into tasks (assignee_id,description,due_date,priority,project_id,status,title,id) values (?,?,?,?,?,?,?,default)
Hibernate: select t1_0.id,t1_0.assignee_id,t1_0.description,t1_0.due_date,t1_0.priority,t1_0.project_id,t1_0.status,t1_0.title from tasks t1_0 where t1_0.id=?
Hibernate: insert into tasks (assignee_id,description,due_date,priority,project_id,status,title,id) values (?,?,?,?,?,?,?,default)
Hibernate: select t1_0.id,t1_0.assignee_id,t1_0.description,t1_0.due_date,t1_0.priority,t1_0.project_id,t1_0.status,t1_0.title from tasks t1_0 where t1_0.id=?
Hibernate: select t1_0.id,t1_0.assignee_id,t1_0.description,t1_0.due_date,t1_0.priority,t1_0.project_id,t1_0.status,t1_0.title from tasks t1_0 where t1_0.assignee_id=? and t1_0.status=?
]]></system-out>
  </testcase>
  <testcase name="findByStatus_paraCadaEstado_devuelveSoloEseEstado(TaskStatus)[1]" classname="com.taskflow.slice.TaskRepositoryTest" time="0.024">
    <system-out><![CDATA[Hibernate: insert into projects (created_at,description,name,owner_id,id) values (?,?,?,?,default)
Hibernate: select p1_0.id,p1_0.created_at,p1_0.description,p1_0.name,p1_0.owner_id from projects p1_0 where p1_0.id=?
Hibernate: insert into tasks (assignee_id,description,due_date,priority,project_id,status,title,id) values (?,?,?,?,?,?,?,default)
Hibernate: select t1_0.id,t1_0.assignee_id,t1_0.description,t1_0.due_date,t1_0.priority,t1_0.project_id,t1_0.status,t1_0.title from tasks t1_0 where t1_0.id=?
Hibernate: select t1_0.id,t1_0.assignee_id,t1_0.description,t1_0.due_date,t1_0.priority,t1_0.project_id,t1_0.status,t1_0.title from tasks t1_0 where t1_0.status=?
]]></system-out>
  </testcase>
  <testcase name="findByStatus_paraCadaEstado_devuelveSoloEseEstado(TaskStatus)[2]" classname="com.taskflow.slice.TaskRepositoryTest" time="0.017">
    <system-out><![CDATA[Hibernate: insert into projects (created_at,description,name,owner_id,id) values (?,?,?,?,default)
Hibernate: select p1_0.id,p1_0.created_at,p1_0.description,p1_0.name,p1_0.owner_id from projects p1_0 where p1_0.id=?
Hibernate: insert into tasks (assignee_id,description,due_date,priority,project_id,status,title,id) values (?,?,?,?,?,?,?,default)
Hibernate: select t1_0.id,t1_0.assignee_id,t1_0.description,t1_0.due_date,t1_0.priority,t1_0.project_id,t1_0.status,t1_0.title from tasks t1_0 where t1_0.id=?
Hibernate: select t1_0.id,t1_0.assignee_id,t1_0.description,t1_0.due_date,t1_0.priority,t1_0.project_id,t1_0.status,t1_0.title from tasks t1_0 where t1_0.status=?
]]></system-out>
  </testcase>
  <testcase name="findByStatus_paraCadaEstado_devuelveSoloEseEstado(TaskStatus)[3]" classname="com.taskflow.slice.TaskRepositoryTest" time="0.022">
    <system-out><![CDATA[Hibernate: insert into projects (created_at,description,name,owner_id,id) values (?,?,?,?,default)
Hibernate: select p1_0.id,p1_0.created_at,p1_0.description,p1_0.name,p1_0.owner_id from projects p1_0 where p1_0.id=?
Hibernate: insert into tasks (assignee_id,description,due_date,priority,project_id,status,title,id) values (?,?,?,?,?,?,?,default)
Hibernate: select t1_0.id,t1_0.assignee_id,t1_0.description,t1_0.due_date,t1_0.priority,t1_0.project_id,t1_0.status,t1_0.title from tasks t1_0 where t1_0.id=?
Hibernate: select t1_0.id,t1_0.assignee_id,t1_0.description,t1_0.due_date,t1_0.priority,t1_0.project_id,t1_0.status,t1_0.title from tasks t1_0 where t1_0.status=?
]]></system-out>
  </testcase>
  <testcase name="findByAssigneeIdAndStatus_sobreEscenarioSql_filtraCombinado" classname="com.taskflow.slice.TaskRepositoryTest" time="0.061">
    <system-out><![CDATA[Hibernate: select t1_0.id,t1_0.assignee_id,t1_0.description,t1_0.due_date,t1_0.priority,t1_0.project_id,t1_0.status,t1_0.title from tasks t1_0 where t1_0.assignee_id=? and t1_0.status=?
]]></system-out>
  </testcase>
  <testcase name="findById_inexistente_optionalVacio" classname="com.taskflow.slice.TaskRepositoryTest" time="0.022">
    <system-out><![CDATA[Hibernate: select t1_0.id,t1_0.assignee_id,t1_0.description,t1_0.due_date,t1_0.priority,t1_0.project_id,t1_0.status,t1_0.title from tasks t1_0 where t1_0.id=?
]]></system-out>
  </testcase>
  <testcase name="mapeoDeStatus_sobreviveFlushYClear" classname="com.taskflow.slice.TaskRepositoryTest" time="0.019">
    <system-out><![CDATA[Hibernate: insert into projects (created_at,description,name,owner_id,id) values (?,?,?,?,default)
Hibernate: select p1_0.id,p1_0.created_at,p1_0.description,p1_0.name,p1_0.owner_id from projects p1_0 where p1_0.id=?
Hibernate: insert into tasks (assignee_id,description,due_date,priority,project_id,status,title,id) values (?,?,?,?,?,?,?,default)
Hibernate: select t1_0.id,t1_0.assignee_id,t1_0.description,t1_0.due_date,t1_0.priority,t1_0.project_id,t1_0.status,t1_0.title from tasks t1_0 where t1_0.id=?
Hibernate: select t1_0.id,t1_0.assignee_id,t1_0.description,t1_0.due_date,t1_0.priority,t1_0.project_id,t1_0.status,t1_0.title from tasks t1_0 where t1_0.id=?
]]></system-out>
  </testcase>
</testsuite>